<?xml version="1.0" encoding="UTF-8"?>
<!-- Generated by org.testng.reporters.JUnitReportReporter -->
<testsuite hostname="LAPTOP-7SD100EV" failures="0" tests="1" name="asserTions.AssertionsTestNG" time="0.022" errors="0" timestamp="2022-10-06T18:11:26 IST" skipped="0">
  <testcase classname="asserTions.AssertionsTestNG" name="assertTest" time="0.022"/>
  <system-out/>
</testsuite> <!-- asserTions.AssertionsTestNG -->
